<?xml version="1.0" encoding="UTF-8"?>
<!-- Generated by org.testng.reporters.JUnitXMLReporter -->
<testsuite ignored="5" hostname="LAPTOP-SBMLAPFQ" failures="0" tests="1" name="Default test" time="5.83" errors="0" timestamp="2025-01-03T16:24:43 IST">
  <testcase classname="swagger.ToVerifyBookfromSwagger" name="verifyGetBookRequest" time="5.767"/>
  <testcase classname="swagger.ToVerifyBookfromSwagger" name="verifyPutRequestOnBooksOfSwagger" time="0.0">
    <ignored/>
  </testcase> <!-- verifyPutRequestOnBooksOfSwagger -->
  <testcase classname="swagger.ToVerifyBookfromSwagger" name="verifyGetBookDetailsByValidId" time="0.0">
    <ignored/>
  </testcase> <!-- verifyGetBookDetailsByValidId -->
  <testcase classname="swagger.ToVerifyBookfromSwagger" name="verifyGetBookDetailsByInvalidId" time="0.0">
    <ignored/>
  </testcase> <!-- verifyGetBookDetailsByInvalidId -->
  <testcase classname="swagger.ToVerifyBookfromSwagger" name="verifyPostRequestOnBooksOfSwagger" time="0.0">
    <ignored/>
  </testcase> <!-- verifyPostRequestOnBooksOfSwagger -->
  <testcase classname="swagger.ToVerifyBookfromSwagger" name="verifyDeleteAuthorRequestByValidId" time="0.0">
    <ignored/>
  </testcase> <!-- verifyDeleteAuthorRequestByValidId -->
</testsuite> <!-- Default test -->
