<?xml version="1.0" encoding="UTF-8"?>
<!-- Generated by org.testng.reporters.JUnitXMLReporter -->
<testsuite ignored="9" hostname="DESKTOP-EJEH0E2" failures="0" tests="1" name="Default test" time="5.946" errors="0" timestamp="2024-12-17T14:52:15 IST">
  <testcase classname="swagger.ToVerifyAuthorsFromSwagger" name="verifyGetInvalidAuthorDetailsByValidId" time="5.839"/>
  <testcase classname="swagger.ToVerifyAuthorsFromSwagger" name="verifyPostRequestWhenUserEntersZeroAsIdOnAuthorOfSwagger" time="0.0">
    <ignored/>
  </testcase> <!-- verifyPostRequestWhenUserEntersZeroAsIdOnAuthorOfSwagger -->
  <testcase classname="swagger.ToVerifyAuthorsFromSwagger" name="verifyDeleteAuthorRequestByValidId" time="0.0">
    <ignored/>
  </testcase> <!-- verifyDeleteAuthorRequestByValidId -->
  <testcase classname="swagger.ToVerifyAuthorsFromSwagger" name="verifyGetAuthorRequest" time="0.0">
    <ignored/>
  </testcase> <!-- verifyGetAuthorRequest -->
  <testcase classname="swagger.ToVerifyAuthorsFromSwagger" name="verifyPostRequestOnAuthorOfSwagger" time="0.0">
    <ignored/>
  </testcase> <!-- verifyPostRequestOnAuthorOfSwagger -->
  <testcase classname="swagger.ToVerifyAuthorsFromSwagger" name="verifyGetAuthorDetailsByValidId" time="0.0">
    <ignored/>
  </testcase> <!-- verifyGetAuthorDetailsByValidId -->
  <testcase classname="swagger.ToVerifyAuthorsFromSwagger" name="verifyGetInvalidAuthorsBookId" time="0.0">
    <ignored/>
  </testcase> <!-- verifyGetInvalidAuthorsBookId -->
  <testcase classname="swagger.ToVerifyAuthorsFromSwagger" name="verifyPostRequestWhenUserEntersFirstNameAsNumbersOnlyOnAuthorOfSwagger" time="0.0">
    <ignored/>
  </testcase> <!-- verifyPostRequestWhenUserEntersFirstNameAsNumbersOnlyOnAuthorOfSwagger -->
  <testcase classname="swagger.ToVerifyAuthorsFromSwagger" name="verifyGetValidAuthorsBookId" time="0.0">
    <ignored/>
  </testcase> <!-- verifyGetValidAuthorsBookId -->
  <testcase classname="swagger.ToVerifyAuthorsFromSwagger" name="verifyPutRequestOnAuthorsByValidId" time="0.0">
    <ignored/>
  </testcase> <!-- verifyPutRequestOnAuthorsByValidId -->
</testsuite> <!-- Default test -->
