<?xml version="1.0" encoding="UTF-8"?>
<testng-results ignored="5" total="6" passed="1" failed="0" skipped="0">
  <reporter-output>
  </reporter-output>
  <suite started-at="2025-01-03T16:24:37 IST" name="Default suite" finished-at="2025-01-03T16:24:43 IST" duration-ms="5830">
    <groups>
    </groups>
    <test started-at="2025-01-03T16:24:37 IST" name="Default test" finished-at="2025-01-03T16:24:43 IST" duration-ms="5830">
      <class name="swagger.ToVerifyBookfromSwagger">
        <test-method signature="verifyGetBookRequest()[pri:0, instance:swagger.ToVerifyBookfromSwagger@2dde1bff]" started-at="2025-01-03T16:24:37 IST" name="verifyGetBookRequest" finished-at="2025-01-03T16:24:43 IST" duration-ms="5767" status="PASS">
          <reporter-output>
          </reporter-output>
        </test-method> <!-- verifyGetBookRequest -->
      </class> <!-- swagger.ToVerifyBookfromSwagger -->
    </test> <!-- Default test -->
  </suite> <!-- Default suite -->
</testng-results>
