<?xml version="1.0" encoding="UTF-8"?>
<testng-results ignored="7" total="8" passed="1" failed="0" skipped="0">
  <reporter-output>
  </reporter-output>
  <suite started-at="2025-01-03T18:06:59 IST" name="Default suite" finished-at="2025-01-03T18:07:05 IST" duration-ms="5538">
    <groups>
    </groups>
    <test started-at="2025-01-03T18:06:59 IST" name="Default test" finished-at="2025-01-03T18:07:05 IST" duration-ms="5538">
      <class name="swagger.AtivitiesFromSwagger">
        <test-method signature="toVerifyPostActivities()[pri:0, instance:swagger.AtivitiesFromSwagger@15bbf42f]" started-at="2025-01-03T18:06:59 IST" name="toVerifyPostActivities" finished-at="2025-01-03T18:07:05 IST" duration-ms="5497" status="PASS">
          <reporter-output>
          </reporter-output>
        </test-method> <!-- toVerifyPostActivities -->
      </class> <!-- swagger.AtivitiesFromSwagger -->
    </test> <!-- Default test -->
  </suite> <!-- Default suite -->
</testng-results>
